<?xml version="1.0" encoding="UTF-8"?>
<!-- Generated by org.testng.reporters.JUnitReportReporter -->
<testsuite hostname="DESKTOP-GQ9J60K" failures="0" tests="1" name="com.google.selenium.test.Test4" time="2.608" errors="0" timestamp="2024-06-29T16:34:16 EEST" skipped="0">
  <testcase classname="com.google.selenium.test.Test4" name="testEmptyUsername" time="2.608"/>
</testsuite> <!-- com.google.selenium.test.Test4 -->
